<?xml version="1.0" encoding="UTF-8"?>
<testng-results skipped="0" failed="0" ignored="0" total="1" passed="1">
  <reporter-output>
  </reporter-output>
  <suite name="Suite" duration-ms="76564" started-at="2023-01-20T19:00:19 IST" finished-at="2023-01-20T19:01:35 IST">
    <groups>
    </groups>
    <test name="Test" duration-ms="76564" started-at="2023-01-20T19:00:19 IST" finished-at="2023-01-20T19:01:35 IST">
      <class name="central.TestCases.TC01_SCExtLogin">
        <test-method status="PASS" signature="launchbrowser(java.lang.String)[pri:0, instance:central.TestCases.TC01_SCExtLogin@2e005c4b]" name="launchbrowser" is-config="true" duration-ms="36442" started-at="2023-01-20T19:00:19 IST" finished-at="2023-01-20T19:00:55 IST">
          <params>
            <param index="0">
              <value>
                <![CDATA[chrome]]>
              </value>
            </param>
          </params>
          <reporter-output>
          </reporter-output>
        </test-method> <!-- launchbrowser -->
        <test-method status="PASS" signature="Login()[pri:0, instance:central.TestCases.TC01_SCExtLogin@2e005c4b]" name="Login" duration-ms="39731" started-at="2023-01-20T19:00:55 IST" finished-at="2023-01-20T19:01:35 IST">
          <reporter-output>
          </reporter-output>
        </test-method> <!-- Login -->
        <test-method status="PASS" signature="closebrowser()[pri:0, instance:central.TestCases.TC01_SCExtLogin@2e005c4b]" name="closebrowser" is-config="true" duration-ms="0" started-at="2023-01-20T19:01:35 IST" finished-at="2023-01-20T19:01:35 IST">
          <reporter-output>
          </reporter-output>
        </test-method> <!-- closebrowser -->
      </class> <!-- central.TestCases.TC01_SCExtLogin -->
    </test> <!-- Test -->
  </suite> <!-- Suite -->
</testng-results>
